# JRE version: Java(TM) SE Runtime Environment (8.0_92-b14) (build 1.8.0_92-b14)
# Java VM: Java HotSpot(TM) 64-Bit Server VM (25.92-b14 mixed mode bsd-amd64 compressed oops)
Heap:
 PSYoungGen      total 76288K, used 18391K [0x000000076ab00000, 0x0000000770000000, 0x00000007c0000000)
  eden space 65536K, 28% used [0x000000076ab00000,0x000000076bcf5e78,0x000000076eb00000)
  from space 10752K, 0% used [0x000000076f580000,0x000000076f580000,0x0000000770000000)
  to   space 10752K, 0% used [0x000000076eb00000,0x000000076eb00000,0x000000076f580000)
 ParOldGen       total 79360K, used 10244K [0x00000006c0000000, 0x00000006c4d80000, 0x000000076ab00000)
  object space 79360K, 12% used [0x00000006c0000000,0x00000006c0a01060,0x00000006c4d80000)
 Metaspace       used 20134K, capacity 21368K, committed 21632K, reserved 1069056K
  class space    used 2565K, capacity 2818K, committed 2944K, reserved 1048576K
GC Heap History (6 events):
Event: 1.791 GC heap before
{Heap before GC invocations=1 (full 0):
 PSYoungGen      total 76288K, used 65536K [0x000000076ab00000, 0x0000000770000000, 0x00000007c0000000)
  eden space 65536K, 100% used [0x000000076ab00000,0x000000076eb00000,0x000000076eb00000)
  from space 10752K, 0% used [0x000000076f580000,0x000000076f580000,0x0000000770000000)
  to   space 10752K, 0% used [0x000000076eb00000,0x000000076eb00000,0x000000076f580000)
 ParOldGen       total 175104K, used 0K [0x00000006c0000000, 0x00000006cab00000, 0x000000076ab00000)
  object space 175104K, 0% used [0x00000006c0000000,0x00000006c0000000,0x00000006cab00000)
 Metaspace       used 17110K, capacity 18166K, committed 18432K, reserved 1064960K
  class space    used 2319K, capacity 2505K, committed 2560K, reserved 1048576K
Event: 1.800 GC heap after
Heap after GC invocations=1 (full 0):
 PSYoungGen      total 76288K, used 6416K [0x000000076ab00000, 0x0000000770000000, 0x00000007c0000000)
  eden space 65536K, 0% used [0x000000076ab00000,0x000000076ab00000,0x000000076eb00000)
  from space 10752K, 59% used [0x000000076eb00000,0x000000076f1440e8,0x000000076f580000)
  to   space 10752K, 0% used [0x000000076f580000,0x000000076f580000,0x0000000770000000)
 ParOldGen       total 175104K, used 16K [0x00000006c0000000, 0x00000006cab00000, 0x000000076ab00000)
  object space 175104K, 0% used [0x00000006c0000000,0x00000006c0004000,0x00000006cab00000)
 Metaspace       used 17110K, capacity 18166K, committed 18432K, reserved 1064960K
  class space    used 2319K, capacity 2505K, committed 2560K, reserved 1048576K
}
Event: 7.372 GC heap before
{Heap before GC invocations=2 (full 0):
 PSYoungGen      total 76288K, used 62263K [0x000000076ab00000, 0x0000000770000000, 0x00000007c0000000)
  eden space 65536K, 85% used [0x000000076ab00000,0x000000076e189bd0,0x000000076eb00000)
  from space 10752K, 59% used [0x000000076eb00000,0x000000076f1440e8,0x000000076f580000)
  to   space 10752K, 0% used [0x000000076f580000,0x000000076f580000,0x0000000770000000)
 ParOldGen       total 175104K, used 16K [0x00000006c0000000, 0x00000006cab00000, 0x000000076ab00000)
  object space 175104K, 0% used [0x00000006c0000000,0x00000006c0004000,0x00000006cab00000)
 Metaspace       used 20018K, capacity 21150K, committed 21296K, reserved 1067008K
  class space    used 2563K, capacity 2817K, committed 2944K, reserved 1048576K
Event: 7.383 GC heap after
Heap after GC invocations=2 (full 0):
 PSYoungGen      total 76288K, used 10477K [0x000000076ab00000, 0x0000000770000000, 0x00000007c0000000)
  eden space 65536K, 0% used [0x000000076ab00000,0x000000076ab00000,0x000000076eb00000)
  from space 10752K, 97% used [0x000000076f580000,0x000000076ffbb680,0x0000000770000000)
  to   space 10752K, 0% used [0x000000076eb00000,0x000000076eb00000,0x000000076f580000)
 ParOldGen       total 175104K, used 2540K [0x00000006c0000000, 0x00000006cab00000, 0x000000076ab00000)
  object space 175104K, 1% used [0x00000006c0000000,0x00000006c027b010,0x00000006cab00000)
 Metaspace       used 20018K, capacity 21150K, committed 21296K, reserved 1067008K
  class space    used 2563K, capacity 2817K, committed 2944K, reserved 1048576K
}
Event: 7.383 GC heap before
{Heap before GC invocations=3 (full 1):
 PSYoungGen      total 76288K, used 10477K [0x000000076ab00000, 0x0000000770000000, 0x00000007c0000000)
  eden space 65536K, 0% used [0x000000076ab00000,0x000000076ab00000,0x000000076eb00000)
  from space 10752K, 97% used [0x000000076f580000,0x000000076ffbb680,0x0000000770000000)
  to   space 10752K, 0% used [0x000000076eb00000,0x000000076eb00000,0x000000076f580000)
 ParOldGen       total 175104K, used 2540K [0x00000006c0000000, 0x00000006cab00000, 0x000000076ab00000)
  object space 175104K, 1% used [0x00000006c0000000,0x00000006c027b010,0x00000006cab00000)
 Metaspace       used 20018K, capacity 21150K, committed 21296K, reserved 1067008K
  class space    used 2563K, capacity 2817K, committed 2944K, reserved 1048576K
Event: 7.416 GC heap after
Heap after GC invocations=3 (full 1):
 PSYoungGen      total 76288K, used 0K [0x000000076ab00000, 0x0000000770000000, 0x00000007c0000000)
  eden space 65536K, 0% used [0x000000076ab00000,0x000000076ab00000,0x000000076eb00000)
  from space 10752K, 0% used [0x000000076f580000,0x000000076f580000,0x0000000770000000)
  to   space 10752K, 0% used [0x000000076eb00000,0x000000076eb00000,0x000000076f580000)
 ParOldGen       total 79360K, used 10244K [0x00000006c0000000, 0x00000006c4d80000, 0x000000076ab00000)
  object space 79360K, 12% used [0x00000006c0000000,0x00000006c0a01060,0x00000006c4d80000)
 Metaspace       used 20018K, capacity 21150K, committed 21296K, reserved 1067008K
  class space    used 2563K, capacity 2817K, committed 2944K, reserved 1048576K
}

